<html>
<head>
<title>TestNG:  Test runner 2</title>
<link href="../testng.css" rel="stylesheet" type="text/css" />
<link href="../my-testng.css" rel="stylesheet" type="text/css" />

<style type="text/css">
.log { display: none;} 
.stack-trace { display: none;} 
</style>
<script type="text/javascript">
<!--
function flip(e) {
  current = e.style.display;
  if (current == 'block') {
    e.style.display = 'none';
    return 0;
  }
  else {
    e.style.display = 'block';
    return 1;
  }
}

function toggleBox(szDivId, elem, msg1, msg2)
{
  var res = -1;  if (document.getElementById) {
    res = flip(document.getElementById(szDivId));
  }
  else if (document.all) {
    // this is the way old msie versions work
    res = flip(document.all[szDivId]);
  }
  if(elem) {
    if(res == 0) elem.innerHTML = msg1; else elem.innerHTML = msg2;
  }

}

function toggleAllBoxes() {
  if (document.getElementsByTagName) {
    d = document.getElementsByTagName('div');
    for (i = 0; i < d.length; i++) {
      if (d[i].className == 'log') {
        flip(d[i]);
      }
    }
  }
}

// -->
</script>

</head>
<body>
<h2 align='center'>Test runner 2</h2><table border='1' align="center">
<tr>
<td>Tests passed/Failed/Skipped:</td><td>0/0/14</td>
</tr><tr>
<td>Started on:</td><td>Thu Mar 03 12:44:11 IST 2022</td>
</tr>
<tr><td>Total time:</td><td>1 seconds (1616 ms)</td>
</tr><tr>
<td>Included groups:</td><td></td>
</tr><tr>
<td>Excluded groups:</td><td></td>
</tr>
</table><p/>
<small><i>(Hover the method name to see the test class name)</i></small><p/>
<table width='100%' border='1' class='invocation-failed'>
<tr><td colspan='4' align='center'><b>FAILED CONFIGURATIONS</b></td></tr>
<tr><td><b>Test method</b></td>
<td width="30%"><b>Exception</b></td>
<td width="10%"><b>Time (seconds)</b></td>
<td><b>Instance</b></td>
</tr>
<tr>
<td title='com.crm.ContactTests.CreateContactwithMultipleDataTest.launchTheBrowser()'><b>launchTheBrowser</b><br>Test class: com.crm.ContactTests.CreateContactwithMultipleDataTest</td>
<td><div><pre>org.testng.TestNGException: 
Parameter &apos;browser&apos; is required by BeforeTest on method launchTheBrowser but has not been marked @Optional or defined
in H:\work\ComCastSeleniumFramework-SDET30\testng_DistributedParallelExecution.xml
	at java.base/java.util.concurrent.FutureTask.run(FutureTask.java:264)
	at java.base/java.util.concurrent.ThreadPoolExecutor.runWorker(ThreadPoolExecutor.java:1136)
	at java.base/java.util.concurrent.ThreadPoolExecutor$Worker.run(ThreadPoolExecutor.java:635)
	at java.base/java.lang.Thread.run(Thread.java:833)
... Removed 12 stack frames</pre></div><a href='#' onClick='toggleBox("stack-trace629058897", this, "Click to show all stack frames", "Click to hide stack frames")'>Click to show all stack frames</a>
<div class='stack-trace' id='stack-trace629058897'><pre>org.testng.TestNGException: 
Parameter &apos;browser&apos; is required by BeforeTest on method launchTheBrowser but has not been marked @Optional or defined
in H:\work\ComCastSeleniumFramework-SDET30\testng_DistributedParallelExecution.xml
	at org.testng.internal.Parameters.createParams(Parameters.java:270)
	at org.testng.internal.Parameters.createParametersForMethod(Parameters.java:358)
	at org.testng.internal.Parameters.createParameters(Parameters.java:700)
	at org.testng.internal.Parameters.createConfigurationParameters(Parameters.java:168)
	at org.testng.internal.ConfigInvoker.invokeConfigurations(ConfigInvoker.java:302)
	at org.testng.TestRunner.invokeTestConfigurations(TestRunner.java:637)
	at org.testng.TestRunner.beforeRun(TestRunner.java:627)
	at org.testng.TestRunner.run(TestRunner.java:589)
	at org.testng.SuiteRunner.runTest(SuiteRunner.java:377)
	at org.testng.SuiteRunner.access$000(SuiteRunner.java:28)
	at org.testng.SuiteRunner$SuiteWorker.run(SuiteRunner.java:418)
	at org.testng.internal.thread.ThreadUtil.lambda$execute$0(ThreadUtil.java:64)
	at java.base/java.util.concurrent.FutureTask.run(FutureTask.java:264)
	at java.base/java.util.concurrent.ThreadPoolExecutor.runWorker(ThreadPoolExecutor.java:1136)
	at java.base/java.util.concurrent.ThreadPoolExecutor$Worker.run(ThreadPoolExecutor.java:635)
	at java.base/java.lang.Thread.run(Thread.java:833)
</pre></div></td>
<td>-1646291651</td>
<td>com.crm.ContactTests.CreateContactwithMultipleDataTest@201a4587</td></tr>
</table><p>
<table width='100%' border='1' class='invocation-skipped'>
<tr><td colspan='4' align='center'><b>SKIPPED CONFIGURATIONS</b></td></tr>
<tr><td><b>Test method</b></td>
<td width="30%"><b>Exception</b></td>
<td width="10%"><b>Time (seconds)</b></td>
<td><b>Instance</b></td>
</tr>
<tr>
<td title='com.crm.ContactTests.CreateContactwithMultipleDataTest.login()'><b>login</b><br>Test class: com.crm.ContactTests.CreateContactwithMultipleDataTest</td>
<td></td>
<td>-1646291653</td>
<td>com.crm.ContactTests.CreateContactwithMultipleDataTest@201a4587</td></tr>
<tr>
<td title='com.crm.ContactTests.CreateContactwithMultipleDataTest.logout()'><b>logout</b><br>Test class: com.crm.ContactTests.CreateContactwithMultipleDataTest</td>
<td></td>
<td>-1646291653</td>
<td>com.crm.ContactTests.CreateContactwithMultipleDataTest@201a4587</td></tr>
<tr>
<td title='com.crm.ContactTests.CreateContactwithMultipleDataTest.login()'><b>login</b><br>Test class: com.crm.ContactTests.CreateContactwithMultipleDataTest</td>
<td></td>
<td>-1646291653</td>
<td>com.crm.ContactTests.CreateContactwithMultipleDataTest@201a4587</td></tr>
<tr>
<td title='com.crm.ContactTests.CreateContactwithMultipleDataTest.login()'><b>login</b><br>Test class: com.crm.ContactTests.CreateContactwithMultipleDataTest</td>
<td></td>
<td>-1646291653</td>
<td>com.crm.ContactTests.CreateContactwithMultipleDataTest@201a4587</td></tr>
<tr>
<td title='com.crm.ContactTests.CreateContactwithMultipleDataTest.closeBrowser()'><b>closeBrowser</b><br>Test class: com.crm.ContactTests.CreateContactwithMultipleDataTest</td>
<td></td>
<td>-1646291653</td>
<td>com.crm.ContactTests.CreateContactwithMultipleDataTest@201a4587</td></tr>
<tr>
<td title='com.crm.ContactTests.CreateContactwithMultipleDataTest.login()'><b>login</b><br>Test class: com.crm.ContactTests.CreateContactwithMultipleDataTest</td>
<td></td>
<td>-1646291653</td>
<td>com.crm.ContactTests.CreateContactwithMultipleDataTest@201a4587</td></tr>
<tr>
<td title='com.crm.ContactTests.CreateContactWithLeadSourceTest.login()'><b>login</b><br>Test class: com.crm.ContactTests.CreateContactWithLeadSourceTest</td>
<td></td>
<td>-1646291653</td>
<td>com.crm.ContactTests.CreateContactWithLeadSourceTest@61001b64</td></tr>
<tr>
<td title='com.crm.ContactTests.CreateContactwithMultipleDataTest.logout()'><b>logout</b><br>Test class: com.crm.ContactTests.CreateContactwithMultipleDataTest</td>
<td></td>
<td>-1646291653</td>
<td>com.crm.ContactTests.CreateContactwithMultipleDataTest@201a4587</td></tr>
<tr>
<td title='com.crm.ContactTests.CreateContactWithLeadSourceTest.logout()'><b>logout</b><br>Test class: com.crm.ContactTests.CreateContactWithLeadSourceTest</td>
<td></td>
<td>-1646291653</td>
<td>com.crm.ContactTests.CreateContactWithLeadSourceTest@61001b64</td></tr>
<tr>
<td title='com.crm.ContactTests.CreateContactwithMultipleDataTest.login()'><b>login</b><br>Test class: com.crm.ContactTests.CreateContactwithMultipleDataTest</td>
<td></td>
<td>-1646291653</td>
<td>com.crm.ContactTests.CreateContactwithMultipleDataTest@201a4587</td></tr>
<tr>
<td title='com.crm.ContactTests.CreateContactwithMultipleDataTest.login()'><b>login</b><br>Test class: com.crm.ContactTests.CreateContactwithMultipleDataTest</td>
<td></td>
<td>-1646291653</td>
<td>com.crm.ContactTests.CreateContactwithMultipleDataTest@201a4587</td></tr>
<tr>
<td title='com.crm.ContactTests.CreateContactwithMultipleDataTest.login()'><b>login</b><br>Test class: com.crm.ContactTests.CreateContactwithMultipleDataTest</td>
<td></td>
<td>-1646291653</td>
<td>com.crm.ContactTests.CreateContactwithMultipleDataTest@201a4587</td></tr>
<tr>
<td title='com.crm.ContactTests.CreateContactwithMultipleDataTest.logout()'><b>logout</b><br>Test class: com.crm.ContactTests.CreateContactwithMultipleDataTest</td>
<td></td>
<td>-1646291653</td>
<td>com.crm.ContactTests.CreateContactwithMultipleDataTest@201a4587</td></tr>
<tr>
<td title='com.crm.ContactTests.CreateContactwithMultipleDataTest.logout()'><b>logout</b><br>Test class: com.crm.ContactTests.CreateContactwithMultipleDataTest</td>
<td></td>
<td>-1646291653</td>
<td>com.crm.ContactTests.CreateContactwithMultipleDataTest@201a4587</td></tr>
<tr>
<td title='com.crm.ContactTests.CreateContactwithMultipleDataTest.logout()'><b>logout</b><br>Test class: com.crm.ContactTests.CreateContactwithMultipleDataTest</td>
<td></td>
<td>-1646291653</td>
<td>com.crm.ContactTests.CreateContactwithMultipleDataTest@201a4587</td></tr>
<tr>
<td title='com.crm.ContactTests.CreateContactwithMultipleDataTest.logout()'><b>logout</b><br>Test class: com.crm.ContactTests.CreateContactwithMultipleDataTest</td>
<td></td>
<td>-1646291653</td>
<td>com.crm.ContactTests.CreateContactwithMultipleDataTest@201a4587</td></tr>
<tr>
<td title='com.crm.ContactTests.CreateContactWithLeadSourceTest.login()'><b>login</b><br>Test class: com.crm.ContactTests.CreateContactWithLeadSourceTest</td>
<td></td>
<td>-1646291653</td>
<td>com.crm.ContactTests.CreateContactWithLeadSourceTest@61001b64</td></tr>
<tr>
<td title='com.crm.ContactTests.CreateContactWithLeadSourceTest.login()'><b>login</b><br>Test class: com.crm.ContactTests.CreateContactWithLeadSourceTest</td>
<td></td>
<td>-1646291653</td>
<td>com.crm.ContactTests.CreateContactWithLeadSourceTest@61001b64</td></tr>
<tr>
<td title='com.crm.ContactTests.CreateContactWithLeadSourceTest.logout()'><b>logout</b><br>Test class: com.crm.ContactTests.CreateContactWithLeadSourceTest</td>
<td></td>
<td>-1646291653</td>
<td>com.crm.ContactTests.CreateContactWithLeadSourceTest@61001b64</td></tr>
<tr>
<td title='com.crm.ContactTests.CreateContactWithLeadSourceTest.logout()'><b>logout</b><br>Test class: com.crm.ContactTests.CreateContactWithLeadSourceTest</td>
<td></td>
<td>-1646291653</td>
<td>com.crm.ContactTests.CreateContactWithLeadSourceTest@61001b64</td></tr>
<tr>
<td title='com.crm.ContactTests.CreateContactwithMultipleDataTest.login()'><b>login</b><br>Test class: com.crm.ContactTests.CreateContactwithMultipleDataTest</td>
<td></td>
<td>-1646291653</td>
<td>com.crm.ContactTests.CreateContactwithMultipleDataTest@201a4587</td></tr>
<tr>
<td title='com.crm.ContactTests.CreateContactwithMultipleDataTest.logout()'><b>logout</b><br>Test class: com.crm.ContactTests.CreateContactwithMultipleDataTest</td>
<td></td>
<td>-1646291653</td>
<td>com.crm.ContactTests.CreateContactwithMultipleDataTest@201a4587</td></tr>
<tr>
<td title='com.crm.ContactTests.CreateContactwithMultipleDataTest.logout()'><b>logout</b><br>Test class: com.crm.ContactTests.CreateContactwithMultipleDataTest</td>
<td></td>
<td>-1646291653</td>
<td>com.crm.ContactTests.CreateContactwithMultipleDataTest@201a4587</td></tr>
<tr>
<td title='com.crm.ContactTests.CreateContactwithMultipleDataTest.logout()'><b>logout</b><br>Test class: com.crm.ContactTests.CreateContactwithMultipleDataTest</td>
<td></td>
<td>-1646291653</td>
<td>com.crm.ContactTests.CreateContactwithMultipleDataTest@201a4587</td></tr>
<tr>
<td title='com.crm.ContactTests.CreateContactWithLeadSourceTest.logout()'><b>logout</b><br>Test class: com.crm.ContactTests.CreateContactWithLeadSourceTest</td>
<td></td>
<td>-1646291653</td>
<td>com.crm.ContactTests.CreateContactWithLeadSourceTest@61001b64</td></tr>
<tr>
<td title='com.crm.ContactTests.CreateContactwithMultipleDataTest.login()'><b>login</b><br>Test class: com.crm.ContactTests.CreateContactwithMultipleDataTest</td>
<td></td>
<td>-1646291653</td>
<td>com.crm.ContactTests.CreateContactwithMultipleDataTest@201a4587</td></tr>
<tr>
<td title='com.crm.ContactTests.CreateContactwithMultipleDataTest.login()'><b>login</b><br>Test class: com.crm.ContactTests.CreateContactwithMultipleDataTest</td>
<td></td>
<td>-1646291653</td>
<td>com.crm.ContactTests.CreateContactwithMultipleDataTest@201a4587</td></tr>
<tr>
<td title='com.crm.ContactTests.CreateContactWithLeadSourceTest.login()'><b>login</b><br>Test class: com.crm.ContactTests.CreateContactWithLeadSourceTest</td>
<td></td>
<td>-1646291653</td>
<td>com.crm.ContactTests.CreateContactWithLeadSourceTest@61001b64</td></tr>
<tr>
<td title='com.crm.ContactTests.CreateContactwithMultipleDataTest.logout()'><b>logout</b><br>Test class: com.crm.ContactTests.CreateContactwithMultipleDataTest</td>
<td></td>
<td>-1646291653</td>
<td>com.crm.ContactTests.CreateContactwithMultipleDataTest@201a4587</td></tr>
</table><p>
<table width='100%' border='1' class='invocation-skipped'>
<tr><td colspan='4' align='center'><b>SKIPPED TESTS</b></td></tr>
<tr><td><b>Test method</b></td>
<td width="30%"><b>Exception</b></td>
<td width="10%"><b>Time (seconds)</b></td>
<td><b>Instance</b></td>
</tr>
<tr>
<td title='com.crm.ContactTests.CreateContactwithMultipleDataTest.createContactWithMultipleData()'><b>createContactWithMultipleData</b><br>Test class: com.crm.ContactTests.CreateContactwithMultipleDataTest<br>Parameters: Amit</td>
<td><div><pre>org.testng.TestNGException: 
Parameter &apos;browser&apos; is required by BeforeTest on method launchTheBrowser but has not been marked @Optional or defined
in H:\work\ComCastSeleniumFramework-SDET30\testng_DistributedParallelExecution.xml
	at java.base/java.util.concurrent.FutureTask.run(FutureTask.java:264)
	at java.base/java.util.concurrent.ThreadPoolExecutor.runWorker(ThreadPoolExecutor.java:1136)
	at java.base/java.util.concurrent.ThreadPoolExecutor$Worker.run(ThreadPoolExecutor.java:635)
	at java.base/java.lang.Thread.run(Thread.java:833)
... Removed 12 stack frames</pre></div><a href='#' onClick='toggleBox("stack-trace1464232736", this, "Click to show all stack frames", "Click to hide stack frames")'>Click to show all stack frames</a>
<div class='stack-trace' id='stack-trace1464232736'><pre>org.testng.TestNGException: 
Parameter &apos;browser&apos; is required by BeforeTest on method launchTheBrowser but has not been marked @Optional or defined
in H:\work\ComCastSeleniumFramework-SDET30\testng_DistributedParallelExecution.xml
	at org.testng.internal.Parameters.createParams(Parameters.java:270)
	at org.testng.internal.Parameters.createParametersForMethod(Parameters.java:358)
	at org.testng.internal.Parameters.createParameters(Parameters.java:700)
	at org.testng.internal.Parameters.createConfigurationParameters(Parameters.java:168)
	at org.testng.internal.ConfigInvoker.invokeConfigurations(ConfigInvoker.java:302)
	at org.testng.TestRunner.invokeTestConfigurations(TestRunner.java:637)
	at org.testng.TestRunner.beforeRun(TestRunner.java:627)
	at org.testng.TestRunner.run(TestRunner.java:589)
	at org.testng.SuiteRunner.runTest(SuiteRunner.java:377)
	at org.testng.SuiteRunner.access$000(SuiteRunner.java:28)
	at org.testng.SuiteRunner$SuiteWorker.run(SuiteRunner.java:418)
	at org.testng.internal.thread.ThreadUtil.lambda$execute$0(ThreadUtil.java:64)
	at java.base/java.util.concurrent.FutureTask.run(FutureTask.java:264)
	at java.base/java.util.concurrent.ThreadPoolExecutor.runWorker(ThreadPoolExecutor.java:1136)
	at java.base/java.util.concurrent.ThreadPoolExecutor$Worker.run(ThreadPoolExecutor.java:635)
	at java.base/java.lang.Thread.run(Thread.java:833)
</pre></div></td>
<td>0</td>
<td>com.crm.ContactTests.CreateContactwithMultipleDataTest@201a4587</td></tr>
<tr>
<td title='com.crm.ContactTests.CreateContactwithMultipleDataTest.createContactWithMultipleData()'><b>createContactWithMultipleData</b><br>Test class: com.crm.ContactTests.CreateContactwithMultipleDataTest<br>Parameters: Shridhar</td>
<td><div><pre>org.testng.TestNGException: 
Parameter &apos;browser&apos; is required by BeforeTest on method launchTheBrowser but has not been marked @Optional or defined
in H:\work\ComCastSeleniumFramework-SDET30\testng_DistributedParallelExecution.xml
	at java.base/java.util.concurrent.FutureTask.run(FutureTask.java:264)
	at java.base/java.util.concurrent.ThreadPoolExecutor.runWorker(ThreadPoolExecutor.java:1136)
	at java.base/java.util.concurrent.ThreadPoolExecutor$Worker.run(ThreadPoolExecutor.java:635)
	at java.base/java.lang.Thread.run(Thread.java:833)
... Removed 12 stack frames</pre></div><a href='#' onClick='toggleBox("stack-trace1733718621", this, "Click to show all stack frames", "Click to hide stack frames")'>Click to show all stack frames</a>
<div class='stack-trace' id='stack-trace1733718621'><pre>org.testng.TestNGException: 
Parameter &apos;browser&apos; is required by BeforeTest on method launchTheBrowser but has not been marked @Optional or defined
in H:\work\ComCastSeleniumFramework-SDET30\testng_DistributedParallelExecution.xml
	at org.testng.internal.Parameters.createParams(Parameters.java:270)
	at org.testng.internal.Parameters.createParametersForMethod(Parameters.java:358)
	at org.testng.internal.Parameters.createParameters(Parameters.java:700)
	at org.testng.internal.Parameters.createConfigurationParameters(Parameters.java:168)
	at org.testng.internal.ConfigInvoker.invokeConfigurations(ConfigInvoker.java:302)
	at org.testng.TestRunner.invokeTestConfigurations(TestRunner.java:637)
	at org.testng.TestRunner.beforeRun(TestRunner.java:627)
	at org.testng.TestRunner.run(TestRunner.java:589)
	at org.testng.SuiteRunner.runTest(SuiteRunner.java:377)
	at org.testng.SuiteRunner.access$000(SuiteRunner.java:28)
	at org.testng.SuiteRunner$SuiteWorker.run(SuiteRunner.java:418)
	at org.testng.internal.thread.ThreadUtil.lambda$execute$0(ThreadUtil.java:64)
	at java.base/java.util.concurrent.FutureTask.run(FutureTask.java:264)
	at java.base/java.util.concurrent.ThreadPoolExecutor.runWorker(ThreadPoolExecutor.java:1136)
	at java.base/java.util.concurrent.ThreadPoolExecutor$Worker.run(ThreadPoolExecutor.java:635)
	at java.base/java.lang.Thread.run(Thread.java:833)
</pre></div></td>
<td>0</td>
<td>com.crm.ContactTests.CreateContactwithMultipleDataTest@201a4587</td></tr>
<tr>
<td title='com.crm.ContactTests.CreateContactwithMultipleDataTest.createContactWithMultipleData()'><b>createContactWithMultipleData</b><br>Test class: com.crm.ContactTests.CreateContactwithMultipleDataTest<br>Parameters: Manju</td>
<td><div><pre>org.testng.TestNGException: 
Parameter &apos;browser&apos; is required by BeforeTest on method launchTheBrowser but has not been marked @Optional or defined
in H:\work\ComCastSeleniumFramework-SDET30\testng_DistributedParallelExecution.xml
	at java.base/java.util.concurrent.FutureTask.run(FutureTask.java:264)
	at java.base/java.util.concurrent.ThreadPoolExecutor.runWorker(ThreadPoolExecutor.java:1136)
	at java.base/java.util.concurrent.ThreadPoolExecutor$Worker.run(ThreadPoolExecutor.java:635)
	at java.base/java.lang.Thread.run(Thread.java:833)
... Removed 12 stack frames</pre></div><a href='#' onClick='toggleBox("stack-trace1416069323", this, "Click to show all stack frames", "Click to hide stack frames")'>Click to show all stack frames</a>
<div class='stack-trace' id='stack-trace1416069323'><pre>org.testng.TestNGException: 
Parameter &apos;browser&apos; is required by BeforeTest on method launchTheBrowser but has not been marked @Optional or defined
in H:\work\ComCastSeleniumFramework-SDET30\testng_DistributedParallelExecution.xml
	at org.testng.internal.Parameters.createParams(Parameters.java:270)
	at org.testng.internal.Parameters.createParametersForMethod(Parameters.java:358)
	at org.testng.internal.Parameters.createParameters(Parameters.java:700)
	at org.testng.internal.Parameters.createConfigurationParameters(Parameters.java:168)
	at org.testng.internal.ConfigInvoker.invokeConfigurations(ConfigInvoker.java:302)
	at org.testng.TestRunner.invokeTestConfigurations(TestRunner.java:637)
	at org.testng.TestRunner.beforeRun(TestRunner.java:627)
	at org.testng.TestRunner.run(TestRunner.java:589)
	at org.testng.SuiteRunner.runTest(SuiteRunner.java:377)
	at org.testng.SuiteRunner.access$000(SuiteRunner.java:28)
	at org.testng.SuiteRunner$SuiteWorker.run(SuiteRunner.java:418)
	at org.testng.internal.thread.ThreadUtil.lambda$execute$0(ThreadUtil.java:64)
	at java.base/java.util.concurrent.FutureTask.run(FutureTask.java:264)
	at java.base/java.util.concurrent.ThreadPoolExecutor.runWorker(ThreadPoolExecutor.java:1136)
	at java.base/java.util.concurrent.ThreadPoolExecutor$Worker.run(ThreadPoolExecutor.java:635)
	at java.base/java.lang.Thread.run(Thread.java:833)
</pre></div></td>
<td>0</td>
<td>com.crm.ContactTests.CreateContactwithMultipleDataTest@201a4587</td></tr>
<tr>
<td title='com.crm.ContactTests.CreateContactwithMultipleDataTest.createContactWithMultipleData()'><b>createContactWithMultipleData</b><br>Test class: com.crm.ContactTests.CreateContactwithMultipleDataTest<br>Parameters: Avinash</td>
<td><div><pre>org.testng.TestNGException: 
Parameter &apos;browser&apos; is required by BeforeTest on method launchTheBrowser but has not been marked @Optional or defined
in H:\work\ComCastSeleniumFramework-SDET30\testng_DistributedParallelExecution.xml
	at java.base/java.util.concurrent.FutureTask.run(FutureTask.java:264)
	at java.base/java.util.concurrent.ThreadPoolExecutor.runWorker(ThreadPoolExecutor.java:1136)
	at java.base/java.util.concurrent.ThreadPoolExecutor$Worker.run(ThreadPoolExecutor.java:635)
	at java.base/java.lang.Thread.run(Thread.java:833)
... Removed 12 stack frames</pre></div><a href='#' onClick='toggleBox("stack-trace1500325601", this, "Click to show all stack frames", "Click to hide stack frames")'>Click to show all stack frames</a>
<div class='stack-trace' id='stack-trace1500325601'><pre>org.testng.TestNGException: 
Parameter &apos;browser&apos; is required by BeforeTest on method launchTheBrowser but has not been marked @Optional or defined
in H:\work\ComCastSeleniumFramework-SDET30\testng_DistributedParallelExecution.xml
	at org.testng.internal.Parameters.createParams(Parameters.java:270)
	at org.testng.internal.Parameters.createParametersForMethod(Parameters.java:358)
	at org.testng.internal.Parameters.createParameters(Parameters.java:700)
	at org.testng.internal.Parameters.createConfigurationParameters(Parameters.java:168)
	at org.testng.internal.ConfigInvoker.invokeConfigurations(ConfigInvoker.java:302)
	at org.testng.TestRunner.invokeTestConfigurations(TestRunner.java:637)
	at org.testng.TestRunner.beforeRun(TestRunner.java:627)
	at org.testng.TestRunner.run(TestRunner.java:589)
	at org.testng.SuiteRunner.runTest(SuiteRunner.java:377)
	at org.testng.SuiteRunner.access$000(SuiteRunner.java:28)
	at org.testng.SuiteRunner$SuiteWorker.run(SuiteRunner.java:418)
	at org.testng.internal.thread.ThreadUtil.lambda$execute$0(ThreadUtil.java:64)
	at java.base/java.util.concurrent.FutureTask.run(FutureTask.java:264)
	at java.base/java.util.concurrent.ThreadPoolExecutor.runWorker(ThreadPoolExecutor.java:1136)
	at java.base/java.util.concurrent.ThreadPoolExecutor$Worker.run(ThreadPoolExecutor.java:635)
	at java.base/java.lang.Thread.run(Thread.java:833)
</pre></div></td>
<td>0</td>
<td>com.crm.ContactTests.CreateContactwithMultipleDataTest@201a4587</td></tr>
<tr>
<td title='com.crm.ContactTests.CreateContactwithMultipleDataTest.createContactWithMultipleData()'><b>createContactWithMultipleData</b><br>Test class: com.crm.ContactTests.CreateContactwithMultipleDataTest<br>Parameters: Ravi</td>
<td><div><pre>org.testng.TestNGException: 
Parameter &apos;browser&apos; is required by BeforeTest on method launchTheBrowser but has not been marked @Optional or defined
in H:\work\ComCastSeleniumFramework-SDET30\testng_DistributedParallelExecution.xml
	at java.base/java.util.concurrent.FutureTask.run(FutureTask.java:264)
	at java.base/java.util.concurrent.ThreadPoolExecutor.runWorker(ThreadPoolExecutor.java:1136)
	at java.base/java.util.concurrent.ThreadPoolExecutor$Worker.run(ThreadPoolExecutor.java:635)
	at java.base/java.lang.Thread.run(Thread.java:833)
... Removed 12 stack frames</pre></div><a href='#' onClick='toggleBox("stack-trace2033283677", this, "Click to show all stack frames", "Click to hide stack frames")'>Click to show all stack frames</a>
<div class='stack-trace' id='stack-trace2033283677'><pre>org.testng.TestNGException: 
Parameter &apos;browser&apos; is required by BeforeTest on method launchTheBrowser but has not been marked @Optional or defined
in H:\work\ComCastSeleniumFramework-SDET30\testng_DistributedParallelExecution.xml
	at org.testng.internal.Parameters.createParams(Parameters.java:270)
	at org.testng.internal.Parameters.createParametersForMethod(Parameters.java:358)
	at org.testng.internal.Parameters.createParameters(Parameters.java:700)
	at org.testng.internal.Parameters.createConfigurationParameters(Parameters.java:168)
	at org.testng.internal.ConfigInvoker.invokeConfigurations(ConfigInvoker.java:302)
	at org.testng.TestRunner.invokeTestConfigurations(TestRunner.java:637)
	at org.testng.TestRunner.beforeRun(TestRunner.java:627)
	at org.testng.TestRunner.run(TestRunner.java:589)
	at org.testng.SuiteRunner.runTest(SuiteRunner.java:377)
	at org.testng.SuiteRunner.access$000(SuiteRunner.java:28)
	at org.testng.SuiteRunner$SuiteWorker.run(SuiteRunner.java:418)
	at org.testng.internal.thread.ThreadUtil.lambda$execute$0(ThreadUtil.java:64)
	at java.base/java.util.concurrent.FutureTask.run(FutureTask.java:264)
	at java.base/java.util.concurrent.ThreadPoolExecutor.runWorker(ThreadPoolExecutor.java:1136)
	at java.base/java.util.concurrent.ThreadPoolExecutor$Worker.run(ThreadPoolExecutor.java:635)
	at java.base/java.lang.Thread.run(Thread.java:833)
</pre></div></td>
<td>0</td>
<td>com.crm.ContactTests.CreateContactwithMultipleDataTest@201a4587</td></tr>
<tr>
<td title='com.crm.ContactTests.CreateContactWithLeadSourceTest.sampleTestScript1()'><b>sampleTestScript1</b><br>Test class: com.crm.ContactTests.CreateContactWithLeadSourceTest</td>
<td><div><pre>org.testng.TestNGException: 
Parameter &apos;browser&apos; is required by BeforeTest on method launchTheBrowser but has not been marked @Optional or defined
in H:\work\ComCastSeleniumFramework-SDET30\testng_DistributedParallelExecution.xml
	at java.base/java.util.concurrent.FutureTask.run(FutureTask.java:264)
	at java.base/java.util.concurrent.ThreadPoolExecutor.runWorker(ThreadPoolExecutor.java:1136)
	at java.base/java.util.concurrent.ThreadPoolExecutor$Worker.run(ThreadPoolExecutor.java:635)
	at java.base/java.lang.Thread.run(Thread.java:833)
... Removed 12 stack frames</pre></div><a href='#' onClick='toggleBox("stack-trace1967210893", this, "Click to show all stack frames", "Click to hide stack frames")'>Click to show all stack frames</a>
<div class='stack-trace' id='stack-trace1967210893'><pre>org.testng.TestNGException: 
Parameter &apos;browser&apos; is required by BeforeTest on method launchTheBrowser but has not been marked @Optional or defined
in H:\work\ComCastSeleniumFramework-SDET30\testng_DistributedParallelExecution.xml
	at org.testng.internal.Parameters.createParams(Parameters.java:270)
	at org.testng.internal.Parameters.createParametersForMethod(Parameters.java:358)
	at org.testng.internal.Parameters.createParameters(Parameters.java:700)
	at org.testng.internal.Parameters.createConfigurationParameters(Parameters.java:168)
	at org.testng.internal.ConfigInvoker.invokeConfigurations(ConfigInvoker.java:302)
	at org.testng.TestRunner.invokeTestConfigurations(TestRunner.java:637)
	at org.testng.TestRunner.beforeRun(TestRunner.java:627)
	at org.testng.TestRunner.run(TestRunner.java:589)
	at org.testng.SuiteRunner.runTest(SuiteRunner.java:377)
	at org.testng.SuiteRunner.access$000(SuiteRunner.java:28)
	at org.testng.SuiteRunner$SuiteWorker.run(SuiteRunner.java:418)
	at org.testng.internal.thread.ThreadUtil.lambda$execute$0(ThreadUtil.java:64)
	at java.base/java.util.concurrent.FutureTask.run(FutureTask.java:264)
	at java.base/java.util.concurrent.ThreadPoolExecutor.runWorker(ThreadPoolExecutor.java:1136)
	at java.base/java.util.concurrent.ThreadPoolExecutor$Worker.run(ThreadPoolExecutor.java:635)
	at java.base/java.lang.Thread.run(Thread.java:833)
</pre></div></td>
<td>0</td>
<td>com.crm.ContactTests.CreateContactWithLeadSourceTest@61001b64</td></tr>
<tr>
<td title='com.crm.ContactTests.CreateContactWithLeadSourceTest.sampleTestScript2()'><b>sampleTestScript2</b><br>Test class: com.crm.ContactTests.CreateContactWithLeadSourceTest</td>
<td><div><pre>org.testng.TestNGException: 
Parameter &apos;browser&apos; is required by BeforeTest on method launchTheBrowser but has not been marked @Optional or defined
in H:\work\ComCastSeleniumFramework-SDET30\testng_DistributedParallelExecution.xml
	at java.base/java.util.concurrent.FutureTask.run(FutureTask.java:264)
	at java.base/java.util.concurrent.ThreadPoolExecutor.runWorker(ThreadPoolExecutor.java:1136)
	at java.base/java.util.concurrent.ThreadPoolExecutor$Worker.run(ThreadPoolExecutor.java:635)
	at java.base/java.lang.Thread.run(Thread.java:833)
... Removed 12 stack frames</pre></div><a href='#' onClick='toggleBox("stack-trace1561200899", this, "Click to show all stack frames", "Click to hide stack frames")'>Click to show all stack frames</a>
<div class='stack-trace' id='stack-trace1561200899'><pre>org.testng.TestNGException: 
Parameter &apos;browser&apos; is required by BeforeTest on method launchTheBrowser but has not been marked @Optional or defined
in H:\work\ComCastSeleniumFramework-SDET30\testng_DistributedParallelExecution.xml
	at org.testng.internal.Parameters.createParams(Parameters.java:270)
	at org.testng.internal.Parameters.createParametersForMethod(Parameters.java:358)
	at org.testng.internal.Parameters.createParameters(Parameters.java:700)
	at org.testng.internal.Parameters.createConfigurationParameters(Parameters.java:168)
	at org.testng.internal.ConfigInvoker.invokeConfigurations(ConfigInvoker.java:302)
	at org.testng.TestRunner.invokeTestConfigurations(TestRunner.java:637)
	at org.testng.TestRunner.beforeRun(TestRunner.java:627)
	at org.testng.TestRunner.run(TestRunner.java:589)
	at org.testng.SuiteRunner.runTest(SuiteRunner.java:377)
	at org.testng.SuiteRunner.access$000(SuiteRunner.java:28)
	at org.testng.SuiteRunner$SuiteWorker.run(SuiteRunner.java:418)
	at org.testng.internal.thread.ThreadUtil.lambda$execute$0(ThreadUtil.java:64)
	at java.base/java.util.concurrent.FutureTask.run(FutureTask.java:264)
	at java.base/java.util.concurrent.ThreadPoolExecutor.runWorker(ThreadPoolExecutor.java:1136)
	at java.base/java.util.concurrent.ThreadPoolExecutor$Worker.run(ThreadPoolExecutor.java:635)
	at java.base/java.lang.Thread.run(Thread.java:833)
</pre></div></td>
<td>0</td>
<td>com.crm.ContactTests.CreateContactWithLeadSourceTest@61001b64</td></tr>
<tr>
<td title='com.crm.ContactTests.CreateContactwithMultipleDataTest.createContactWithMultipleData()'><b>createContactWithMultipleData</b><br>Test class: com.crm.ContactTests.CreateContactwithMultipleDataTest<br>Parameters: Sudhir</td>
<td><div><pre>org.testng.TestNGException: 
Parameter &apos;browser&apos; is required by BeforeTest on method launchTheBrowser but has not been marked @Optional or defined
in H:\work\ComCastSeleniumFramework-SDET30\testng_DistributedParallelExecution.xml
	at java.base/java.util.concurrent.FutureTask.run(FutureTask.java:264)
	at java.base/java.util.concurrent.ThreadPoolExecutor.runWorker(ThreadPoolExecutor.java:1136)
	at java.base/java.util.concurrent.ThreadPoolExecutor$Worker.run(ThreadPoolExecutor.java:635)
	at java.base/java.lang.Thread.run(Thread.java:833)
... Removed 12 stack frames</pre></div><a href='#' onClick='toggleBox("stack-trace1784038948", this, "Click to show all stack frames", "Click to hide stack frames")'>Click to show all stack frames</a>
<div class='stack-trace' id='stack-trace1784038948'><pre>org.testng.TestNGException: 
Parameter &apos;browser&apos; is required by BeforeTest on method launchTheBrowser but has not been marked @Optional or defined
in H:\work\ComCastSeleniumFramework-SDET30\testng_DistributedParallelExecution.xml
	at org.testng.internal.Parameters.createParams(Parameters.java:270)
	at org.testng.internal.Parameters.createParametersForMethod(Parameters.java:358)
	at org.testng.internal.Parameters.createParameters(Parameters.java:700)
	at org.testng.internal.Parameters.createConfigurationParameters(Parameters.java:168)
	at org.testng.internal.ConfigInvoker.invokeConfigurations(ConfigInvoker.java:302)
	at org.testng.TestRunner.invokeTestConfigurations(TestRunner.java:637)
	at org.testng.TestRunner.beforeRun(TestRunner.java:627)
	at org.testng.TestRunner.run(TestRunner.java:589)
	at org.testng.SuiteRunner.runTest(SuiteRunner.java:377)
	at org.testng.SuiteRunner.access$000(SuiteRunner.java:28)
	at org.testng.SuiteRunner$SuiteWorker.run(SuiteRunner.java:418)
	at org.testng.internal.thread.ThreadUtil.lambda$execute$0(ThreadUtil.java:64)
	at java.base/java.util.concurrent.FutureTask.run(FutureTask.java:264)
	at java.base/java.util.concurrent.ThreadPoolExecutor.runWorker(ThreadPoolExecutor.java:1136)
	at java.base/java.util.concurrent.ThreadPoolExecutor$Worker.run(ThreadPoolExecutor.java:635)
	at java.base/java.lang.Thread.run(Thread.java:833)
</pre></div></td>
<td>0</td>
<td>com.crm.ContactTests.CreateContactwithMultipleDataTest@201a4587</td></tr>
<tr>
<td title='com.crm.ContactTests.CreateContactwithMultipleDataTest.createContactWithMultipleData()'><b>createContactWithMultipleData</b><br>Test class: com.crm.ContactTests.CreateContactwithMultipleDataTest<br>Parameters: Jayanth</td>
<td><div><pre>org.testng.TestNGException: 
Parameter &apos;browser&apos; is required by BeforeTest on method launchTheBrowser but has not been marked @Optional or defined
in H:\work\ComCastSeleniumFramework-SDET30\testng_DistributedParallelExecution.xml
	at java.base/java.util.concurrent.FutureTask.run(FutureTask.java:264)
	at java.base/java.util.concurrent.ThreadPoolExecutor.runWorker(ThreadPoolExecutor.java:1136)
	at java.base/java.util.concurrent.ThreadPoolExecutor$Worker.run(ThreadPoolExecutor.java:635)
	at java.base/java.lang.Thread.run(Thread.java:833)
... Removed 12 stack frames</pre></div><a href='#' onClick='toggleBox("stack-trace2107262927", this, "Click to show all stack frames", "Click to hide stack frames")'>Click to show all stack frames</a>
<div class='stack-trace' id='stack-trace2107262927'><pre>org.testng.TestNGException: 
Parameter &apos;browser&apos; is required by BeforeTest on method launchTheBrowser but has not been marked @Optional or defined
in H:\work\ComCastSeleniumFramework-SDET30\testng_DistributedParallelExecution.xml
	at org.testng.internal.Parameters.createParams(Parameters.java:270)
	at org.testng.internal.Parameters.createParametersForMethod(Parameters.java:358)
	at org.testng.internal.Parameters.createParameters(Parameters.java:700)
	at org.testng.internal.Parameters.createConfigurationParameters(Parameters.java:168)
	at org.testng.internal.ConfigInvoker.invokeConfigurations(ConfigInvoker.java:302)
	at org.testng.TestRunner.invokeTestConfigurations(TestRunner.java:637)
	at org.testng.TestRunner.beforeRun(TestRunner.java:627)
	at org.testng.TestRunner.run(TestRunner.java:589)
	at org.testng.SuiteRunner.runTest(SuiteRunner.java:377)
	at org.testng.SuiteRunner.access$000(SuiteRunner.java:28)
	at org.testng.SuiteRunner$SuiteWorker.run(SuiteRunner.java:418)
	at org.testng.internal.thread.ThreadUtil.lambda$execute$0(ThreadUtil.java:64)
	at java.base/java.util.concurrent.FutureTask.run(FutureTask.java:264)
	at java.base/java.util.concurrent.ThreadPoolExecutor.runWorker(ThreadPoolExecutor.java:1136)
	at java.base/java.util.concurrent.ThreadPoolExecutor$Worker.run(ThreadPoolExecutor.java:635)
	at java.base/java.lang.Thread.run(Thread.java:833)
</pre></div></td>
<td>0</td>
<td>com.crm.ContactTests.CreateContactwithMultipleDataTest@201a4587</td></tr>
<tr>
<td title='com.crm.ContactTests.CreateContactwithMultipleDataTest.createContactWithMultipleData()'><b>createContactWithMultipleData</b><br>Test class: com.crm.ContactTests.CreateContactwithMultipleDataTest<br>Parameters: Vivek</td>
<td><div><pre>org.testng.TestNGException: 
Parameter &apos;browser&apos; is required by BeforeTest on method launchTheBrowser but has not been marked @Optional or defined
in H:\work\ComCastSeleniumFramework-SDET30\testng_DistributedParallelExecution.xml
	at java.base/java.util.concurrent.FutureTask.run(FutureTask.java:264)
	at java.base/java.util.concurrent.ThreadPoolExecutor.runWorker(ThreadPoolExecutor.java:1136)
	at java.base/java.util.concurrent.ThreadPoolExecutor$Worker.run(ThreadPoolExecutor.java:635)
	at java.base/java.lang.Thread.run(Thread.java:833)
... Removed 12 stack frames</pre></div><a href='#' onClick='toggleBox("stack-trace1177998881", this, "Click to show all stack frames", "Click to hide stack frames")'>Click to show all stack frames</a>
<div class='stack-trace' id='stack-trace1177998881'><pre>org.testng.TestNGException: 
Parameter &apos;browser&apos; is required by BeforeTest on method launchTheBrowser but has not been marked @Optional or defined
in H:\work\ComCastSeleniumFramework-SDET30\testng_DistributedParallelExecution.xml
	at org.testng.internal.Parameters.createParams(Parameters.java:270)
	at org.testng.internal.Parameters.createParametersForMethod(Parameters.java:358)
	at org.testng.internal.Parameters.createParameters(Parameters.java:700)
	at org.testng.internal.Parameters.createConfigurationParameters(Parameters.java:168)
	at org.testng.internal.ConfigInvoker.invokeConfigurations(ConfigInvoker.java:302)
	at org.testng.TestRunner.invokeTestConfigurations(TestRunner.java:637)
	at org.testng.TestRunner.beforeRun(TestRunner.java:627)
	at org.testng.TestRunner.run(TestRunner.java:589)
	at org.testng.SuiteRunner.runTest(SuiteRunner.java:377)
	at org.testng.SuiteRunner.access$000(SuiteRunner.java:28)
	at org.testng.SuiteRunner$SuiteWorker.run(SuiteRunner.java:418)
	at org.testng.internal.thread.ThreadUtil.lambda$execute$0(ThreadUtil.java:64)
	at java.base/java.util.concurrent.FutureTask.run(FutureTask.java:264)
	at java.base/java.util.concurrent.ThreadPoolExecutor.runWorker(ThreadPoolExecutor.java:1136)
	at java.base/java.util.concurrent.ThreadPoolExecutor$Worker.run(ThreadPoolExecutor.java:635)
	at java.base/java.lang.Thread.run(Thread.java:833)
</pre></div></td>
<td>0</td>
<td>com.crm.ContactTests.CreateContactwithMultipleDataTest@201a4587</td></tr>
<tr>
<td title='com.crm.ContactTests.CreateContactwithMultipleDataTest.createContactWithMultipleData()'><b>createContactWithMultipleData</b><br>Test class: com.crm.ContactTests.CreateContactwithMultipleDataTest<br>Parameters: Adarsha</td>
<td><div><pre>org.testng.TestNGException: 
Parameter &apos;browser&apos; is required by BeforeTest on method launchTheBrowser but has not been marked @Optional or defined
in H:\work\ComCastSeleniumFramework-SDET30\testng_DistributedParallelExecution.xml
	at java.base/java.util.concurrent.FutureTask.run(FutureTask.java:264)
	at java.base/java.util.concurrent.ThreadPoolExecutor.runWorker(ThreadPoolExecutor.java:1136)
	at java.base/java.util.concurrent.ThreadPoolExecutor$Worker.run(ThreadPoolExecutor.java:635)
	at java.base/java.lang.Thread.run(Thread.java:833)
... Removed 12 stack frames</pre></div><a href='#' onClick='toggleBox("stack-trace760795887", this, "Click to show all stack frames", "Click to hide stack frames")'>Click to show all stack frames</a>
<div class='stack-trace' id='stack-trace760795887'><pre>org.testng.TestNGException: 
Parameter &apos;browser&apos; is required by BeforeTest on method launchTheBrowser but has not been marked @Optional or defined
in H:\work\ComCastSeleniumFramework-SDET30\testng_DistributedParallelExecution.xml
	at org.testng.internal.Parameters.createParams(Parameters.java:270)
	at org.testng.internal.Parameters.createParametersForMethod(Parameters.java:358)
	at org.testng.internal.Parameters.createParameters(Parameters.java:700)
	at org.testng.internal.Parameters.createConfigurationParameters(Parameters.java:168)
	at org.testng.internal.ConfigInvoker.invokeConfigurations(ConfigInvoker.java:302)
	at org.testng.TestRunner.invokeTestConfigurations(TestRunner.java:637)
	at org.testng.TestRunner.beforeRun(TestRunner.java:627)
	at org.testng.TestRunner.run(TestRunner.java:589)
	at org.testng.SuiteRunner.runTest(SuiteRunner.java:377)
	at org.testng.SuiteRunner.access$000(SuiteRunner.java:28)
	at org.testng.SuiteRunner$SuiteWorker.run(SuiteRunner.java:418)
	at org.testng.internal.thread.ThreadUtil.lambda$execute$0(ThreadUtil.java:64)
	at java.base/java.util.concurrent.FutureTask.run(FutureTask.java:264)
	at java.base/java.util.concurrent.ThreadPoolExecutor.runWorker(ThreadPoolExecutor.java:1136)
	at java.base/java.util.concurrent.ThreadPoolExecutor$Worker.run(ThreadPoolExecutor.java:635)
	at java.base/java.lang.Thread.run(Thread.java:833)
</pre></div></td>
<td>0</td>
<td>com.crm.ContactTests.CreateContactwithMultipleDataTest@201a4587</td></tr>
<tr>
<td title='com.crm.ContactTests.CreateContactwithMultipleDataTest.createContactWithMultipleData()'><b>createContactWithMultipleData</b><br>Test class: com.crm.ContactTests.CreateContactwithMultipleDataTest<br>Parameters: Sagar</td>
<td><div><pre>org.testng.TestNGException: 
Parameter &apos;browser&apos; is required by BeforeTest on method launchTheBrowser but has not been marked @Optional or defined
in H:\work\ComCastSeleniumFramework-SDET30\testng_DistributedParallelExecution.xml
	at java.base/java.util.concurrent.FutureTask.run(FutureTask.java:264)
	at java.base/java.util.concurrent.ThreadPoolExecutor.runWorker(ThreadPoolExecutor.java:1136)
	at java.base/java.util.concurrent.ThreadPoolExecutor$Worker.run(ThreadPoolExecutor.java:635)
	at java.base/java.lang.Thread.run(Thread.java:833)
... Removed 12 stack frames</pre></div><a href='#' onClick='toggleBox("stack-trace1218673076", this, "Click to show all stack frames", "Click to hide stack frames")'>Click to show all stack frames</a>
<div class='stack-trace' id='stack-trace1218673076'><pre>org.testng.TestNGException: 
Parameter &apos;browser&apos; is required by BeforeTest on method launchTheBrowser but has not been marked @Optional or defined
in H:\work\ComCastSeleniumFramework-SDET30\testng_DistributedParallelExecution.xml
	at org.testng.internal.Parameters.createParams(Parameters.java:270)
	at org.testng.internal.Parameters.createParametersForMethod(Parameters.java:358)
	at org.testng.internal.Parameters.createParameters(Parameters.java:700)
	at org.testng.internal.Parameters.createConfigurationParameters(Parameters.java:168)
	at org.testng.internal.ConfigInvoker.invokeConfigurations(ConfigInvoker.java:302)
	at org.testng.TestRunner.invokeTestConfigurations(TestRunner.java:637)
	at org.testng.TestRunner.beforeRun(TestRunner.java:627)
	at org.testng.TestRunner.run(TestRunner.java:589)
	at org.testng.SuiteRunner.runTest(SuiteRunner.java:377)
	at org.testng.SuiteRunner.access$000(SuiteRunner.java:28)
	at org.testng.SuiteRunner$SuiteWorker.run(SuiteRunner.java:418)
	at org.testng.internal.thread.ThreadUtil.lambda$execute$0(ThreadUtil.java:64)
	at java.base/java.util.concurrent.FutureTask.run(FutureTask.java:264)
	at java.base/java.util.concurrent.ThreadPoolExecutor.runWorker(ThreadPoolExecutor.java:1136)
	at java.base/java.util.concurrent.ThreadPoolExecutor$Worker.run(ThreadPoolExecutor.java:635)
	at java.base/java.lang.Thread.run(Thread.java:833)
</pre></div></td>
<td>0</td>
<td>com.crm.ContactTests.CreateContactwithMultipleDataTest@201a4587</td></tr>
<tr>
<td title='com.crm.ContactTests.CreateContactWithLeadSourceTest.sampleTestScript()'><b>sampleTestScript</b><br>Test class: com.crm.ContactTests.CreateContactWithLeadSourceTest</td>
<td><div><pre>org.testng.TestNGException: 
Parameter &apos;browser&apos; is required by BeforeTest on method launchTheBrowser but has not been marked @Optional or defined
in H:\work\ComCastSeleniumFramework-SDET30\testng_DistributedParallelExecution.xml
	at java.base/java.util.concurrent.FutureTask.run(FutureTask.java:264)
	at java.base/java.util.concurrent.ThreadPoolExecutor.runWorker(ThreadPoolExecutor.java:1136)
	at java.base/java.util.concurrent.ThreadPoolExecutor$Worker.run(ThreadPoolExecutor.java:635)
	at java.base/java.lang.Thread.run(Thread.java:833)
... Removed 12 stack frames</pre></div><a href='#' onClick='toggleBox("stack-trace243469275", this, "Click to show all stack frames", "Click to hide stack frames")'>Click to show all stack frames</a>
<div class='stack-trace' id='stack-trace243469275'><pre>org.testng.TestNGException: 
Parameter &apos;browser&apos; is required by BeforeTest on method launchTheBrowser but has not been marked @Optional or defined
in H:\work\ComCastSeleniumFramework-SDET30\testng_DistributedParallelExecution.xml
	at org.testng.internal.Parameters.createParams(Parameters.java:270)
	at org.testng.internal.Parameters.createParametersForMethod(Parameters.java:358)
	at org.testng.internal.Parameters.createParameters(Parameters.java:700)
	at org.testng.internal.Parameters.createConfigurationParameters(Parameters.java:168)
	at org.testng.internal.ConfigInvoker.invokeConfigurations(ConfigInvoker.java:302)
	at org.testng.TestRunner.invokeTestConfigurations(TestRunner.java:637)
	at org.testng.TestRunner.beforeRun(TestRunner.java:627)
	at org.testng.TestRunner.run(TestRunner.java:589)
	at org.testng.SuiteRunner.runTest(SuiteRunner.java:377)
	at org.testng.SuiteRunner.access$000(SuiteRunner.java:28)
	at org.testng.SuiteRunner$SuiteWorker.run(SuiteRunner.java:418)
	at org.testng.internal.thread.ThreadUtil.lambda$execute$0(ThreadUtil.java:64)
	at java.base/java.util.concurrent.FutureTask.run(FutureTask.java:264)
	at java.base/java.util.concurrent.ThreadPoolExecutor.runWorker(ThreadPoolExecutor.java:1136)
	at java.base/java.util.concurrent.ThreadPoolExecutor$Worker.run(ThreadPoolExecutor.java:635)
	at java.base/java.lang.Thread.run(Thread.java:833)
</pre></div></td>
<td>0</td>
<td>com.crm.ContactTests.CreateContactWithLeadSourceTest@61001b64</td></tr>
<tr>
<td title='com.crm.ContactTests.CreateContactWithLeadSourceTest.createContactWithLeadSourceTest()'><b>createContactWithLeadSourceTest</b><br>Test class: com.crm.ContactTests.CreateContactWithLeadSourceTest</td>
<td><div><pre>org.testng.TestNGException: 
Parameter &apos;browser&apos; is required by BeforeTest on method launchTheBrowser but has not been marked @Optional or defined
in H:\work\ComCastSeleniumFramework-SDET30\testng_DistributedParallelExecution.xml
	at java.base/java.util.concurrent.FutureTask.run(FutureTask.java:264)
	at java.base/java.util.concurrent.ThreadPoolExecutor.runWorker(ThreadPoolExecutor.java:1136)
	at java.base/java.util.concurrent.ThreadPoolExecutor$Worker.run(ThreadPoolExecutor.java:635)
	at java.base/java.lang.Thread.run(Thread.java:833)
... Removed 12 stack frames</pre></div><a href='#' onClick='toggleBox("stack-trace1266971514", this, "Click to show all stack frames", "Click to hide stack frames")'>Click to show all stack frames</a>
<div class='stack-trace' id='stack-trace1266971514'><pre>org.testng.TestNGException: 
Parameter &apos;browser&apos; is required by BeforeTest on method launchTheBrowser but has not been marked @Optional or defined
in H:\work\ComCastSeleniumFramework-SDET30\testng_DistributedParallelExecution.xml
	at org.testng.internal.Parameters.createParams(Parameters.java:270)
	at org.testng.internal.Parameters.createParametersForMethod(Parameters.java:358)
	at org.testng.internal.Parameters.createParameters(Parameters.java:700)
	at org.testng.internal.Parameters.createConfigurationParameters(Parameters.java:168)
	at org.testng.internal.ConfigInvoker.invokeConfigurations(ConfigInvoker.java:302)
	at org.testng.TestRunner.invokeTestConfigurations(TestRunner.java:637)
	at org.testng.TestRunner.beforeRun(TestRunner.java:627)
	at org.testng.TestRunner.run(TestRunner.java:589)
	at org.testng.SuiteRunner.runTest(SuiteRunner.java:377)
	at org.testng.SuiteRunner.access$000(SuiteRunner.java:28)
	at org.testng.SuiteRunner$SuiteWorker.run(SuiteRunner.java:418)
	at org.testng.internal.thread.ThreadUtil.lambda$execute$0(ThreadUtil.java:64)
	at java.base/java.util.concurrent.FutureTask.run(FutureTask.java:264)
	at java.base/java.util.concurrent.ThreadPoolExecutor.runWorker(ThreadPoolExecutor.java:1136)
	at java.base/java.util.concurrent.ThreadPoolExecutor$Worker.run(ThreadPoolExecutor.java:635)
	at java.base/java.lang.Thread.run(Thread.java:833)
</pre></div></td>
<td>0</td>
<td>com.crm.ContactTests.CreateContactWithLeadSourceTest@61001b64</td></tr>
</table><p>
</body>
</html>